2020-12-30 00:40:47,094 ---------------------Cfg is set as follow--------------------
2020-12-30 00:40:47,095 BACKBONE:
  FREEZE: False
  PRETRAINED_MODEL: 
  TYPE: bbn_res32_cifar
CLASSIFIER:
  BIAS: True
  TYPE: FC
COLOR_SPACE: RGB
CPU_MODE: True
DATASET:
  DATASET: IMBALANCECIFAR10
  DATA_TYPE: jpg
  IMBALANCECIFAR:
    RANDOM_SEED: 0
    RATIO: 0.02
  ROOT: /home/cifar10/data
  TRAIN_JSON: 
  VALID_JSON: 
EVAL_MODE: False
INPUT_SIZE: (32, 32)
LOSS:
  CSCE:
    DRW_EPOCH: 160
    SCHEDULER: default
  LDAM:
    DRW_EPOCH: 160
    MAX_MARGIN: 0.5
  LOSS_TYPE: CrossEntropy
MODULE:
  TYPE: GAP
NAME: BBN.CIFAR10.res32.200epoch
OUTPUT_DIR: ./output/cifar10
PIN_MEMORY: True
RESUME_MODE: all
RESUME_MODEL: 
SAVE_STEP: 5
SHOW_STEP: 100
TEST:
  BATCH_SIZE: 64
  MODEL_FILE: best_model.pth
  NUM_WORKERS: 8
TRAIN:
  BATCH_SIZE: 128
  COMBINER:
    TYPE: bbn_mix
  LR_SCHEDULER:
    COSINE_DECAY_END: 0
    LR_FACTOR: 0.01
    LR_STEP: [120, 160]
    TYPE: warmup
    WARM_EPOCH: 5
  MAX_EPOCH: 200
  NUM_WORKERS: 16
  OPTIMIZER:
    BASE_LR: 0.1
    MOMENTUM: 0.9
    TYPE: SGD
    WEIGHT_DECAY: 0.0002
  SAMPLER:
    DUAL_SAMPLER:
      ENABLE: True
      TYPE: reverse
    TYPE: default
    WEIGHTED_SAMPLER:
      TYPE: balance
  SHUFFLE: True
  TENSORBOARD:
    ENABLE: True
TRANSFORMS:
  PROCESS_DETAIL:
    RANDOM_CROP:
      PADDING: 4
    RANDOM_RESIZED_CROP:
      RATIO: (0.75, 1.333333333)
      SCALE: (0.08, 1.0)
  TEST_TRANSFORMS: ()
  TRAIN_TRANSFORMS: ('random_crop', 'random_horizontal_flip')
VALID_STEP: 1
2020-12-30 00:40:47,095 -------------------------------------------------------------
2020-12-30 00:40:50,268 -------------------Train start :bbn_res32_cifar  GAP  bbn_mix-------------------
2020-12-30 00:40:54,447 Epoch:  1  Batch:  0/109  Batch_Loss:3.113  Batch_Accuracy: 1.56%     
2020-12-30 00:45:20,953 Epoch:  1  Batch:100/109  Batch_Loss:1.347  Batch_Accuracy:51.56%     
2020-12-30 00:45:42,025 ---Epoch:  1/200   Avg_Loss:1.598   Epoch_Accuracy:46.67%   Epoch_Time: 4.86min---
2020-12-30 00:46:14,911 ------- Valid: Epoch:  1  Valid_Loss:2.147   Valid_Acc:23.24%-------
2020-12-30 00:46:14,988 --------------Best_Epoch:  1    Best_Acc:23.24%--------------
2020-12-30 00:46:28,191 Epoch:  2  Batch:  0/109  Batch_Loss:1.275  Batch_Accuracy:56.25%     
2020-12-30 00:51:37,234 Epoch:  2  Batch:100/109  Batch_Loss:0.988  Batch_Accuracy:64.06%     
2020-12-30 00:51:59,589 ---Epoch:  2/200   Avg_Loss:1.210   Epoch_Accuracy:58.15%   Epoch_Time: 5.74min---
2020-12-30 00:52:33,225 ------- Valid: Epoch:  2  Valid_Loss:2.088   Valid_Acc:23.68%-------
2020-12-30 00:52:33,515 --------------Best_Epoch:  2    Best_Acc:23.68%--------------
2020-12-30 00:52:38,795 Epoch:  3  Batch:  0/109  Batch_Loss:1.133  Batch_Accuracy:58.59%     
2020-12-30 00:57:42,894 Epoch:  3  Batch:100/109  Batch_Loss:1.155  Batch_Accuracy:61.71%     
2020-12-30 00:58:06,631 ---Epoch:  3/200   Avg_Loss:1.129   Epoch_Accuracy:60.80%   Epoch_Time: 5.54min---
2020-12-30 00:58:39,850 ------- Valid: Epoch:  3  Valid_Loss:1.979   Valid_Acc:25.20%-------
2020-12-30 00:58:39,941 --------------Best_Epoch:  3    Best_Acc:25.20%--------------
2020-12-30 00:58:45,364 Epoch:  4  Batch:  0/109  Batch_Loss:1.154  Batch_Accuracy:55.46%     
2020-12-30 01:03:48,190 Epoch:  4  Batch:100/109  Batch_Loss:1.008  Batch_Accuracy:67.17%     
2020-12-30 01:04:12,524 ---Epoch:  4/200   Avg_Loss:1.043   Epoch_Accuracy:63.79%   Epoch_Time: 5.54min---
2020-12-30 01:04:46,500 ------- Valid: Epoch:  4  Valid_Loss:1.881   Valid_Acc:28.90%-------
2020-12-30 01:04:46,667 --------------Best_Epoch:  4    Best_Acc:28.90%--------------
2020-12-30 01:04:53,292 Epoch:  5  Batch:  0/109  Batch_Loss:0.956  Batch_Accuracy:69.50%     
2020-12-30 01:09:50,991 Epoch:  5  Batch:100/109  Batch_Loss:0.877  Batch_Accuracy:67.16%     
2020-12-30 01:10:14,816 ---Epoch:  5/200   Avg_Loss:0.971   Epoch_Accuracy:66.46%   Epoch_Time: 5.46min---
2020-12-30 01:10:49,399 ------- Valid: Epoch:  5  Valid_Loss:1.932   Valid_Acc:27.80%-------
2020-12-30 01:10:49,412 --------------Best_Epoch:  4    Best_Acc:28.90%--------------
2020-12-30 01:10:54,332 Epoch:  6  Batch:  0/109  Batch_Loss:0.965  Batch_Accuracy:63.24%     
